<?xml version="1.0" encoding="UTF-8"?>
<!-- Generated by org.testng.reporters.JUnitXMLReporter -->
<testsuite ignored="0" hostname="ABG-IT-PC09" failures="2" tests="2" name="Cucumber Test Run" time="2.973" errors="0" timestamp="2023-05-09T19:21:18 BDT">
  <testcase classname="io.cucumber.testng.AbstractTestNGCucumberTests" name="runScenario" time="2.288">
    <failure type="org.openqa.selenium.remote.http.ConnectionFailedException" message="Unable to establish websocket connection to http://localhost:7777/devtools/browser/91ce00cf-0941-4cbf-b678-ae7e235086fa
Build info: version: &amp;apos;4.1.2&amp;apos;, revision: &amp;apos;9a5a329c5a&amp;apos;
System info: host: &amp;apos;ABG-IT-PC09&amp;apos;, ip: &amp;apos;10.97.221.214&amp;apos;, os.name: &amp;apos;Windows 11&amp;apos;, os.arch: &amp;apos;amd64&amp;apos;, os.version: &amp;apos;10.0&amp;apos;, java.version: &amp;apos;17.0.6&amp;apos;
Driver info: driver.version: ChromeDriver">
      <![CDATA[org.openqa.selenium.remote.http.ConnectionFailedException: Unable to establish websocket connection to http://localhost:7777/devtools/browser/91ce00cf-0941-4cbf-b678-ae7e235086fa
Build info: version: '4.1.2', revision: '9a5a329c5a'
System info: host: 'ABG-IT-PC09', ip: '10.97.221.214', os.name: 'Windows 11', os.arch: 'amd64', os.version: '10.0', java.version: '17.0.6'
Driver info: driver.version: ChromeDriver
at org.openqa.selenium.remote.http.netty.NettyWebSocket.<init>(NettyWebSocket.java:104)
at org.openqa.selenium.remote.http.netty.NettyWebSocket.lambda$create$3(NettyWebSocket.java:137)
at org.openqa.selenium.remote.http.netty.NettyClient.openSocket(NettyClient.java:118)
at org.openqa.selenium.devtools.Connection.<init>(Connection.java:77)
at org.openqa.selenium.chromium.ChromiumDriver.lambda$new$2(ChromiumDriver.java:124)
at java.base/java.util.Optional.map(Optional.java:260)
at org.openqa.selenium.chromium.ChromiumDriver.<init>(ChromiumDriver.java:122)
at org.openqa.selenium.chrome.ChromeDriver.<init>(ChromeDriver.java:106)
at org.openqa.selenium.chrome.ChromeDriver.<init>(ChromeDriver.java:93)
at org.openqa.selenium.chrome.ChromeDriver.<init>(ChromeDriver.java:82)
at core.WebSettings.appUpAndRun(WebSettings.java:30)
at step_defination.RegisterStepDef.userHasBaseUrl(RegisterStepDef.java:27)
at ✽.user has base url(file:///D:/JAVA/Selenium_Study/src/test/resources/Features/register.feature:5)
]]>
    </failure>
  </testcase> <!-- runScenario -->
  <testcase classname="io.cucumber.testng.AbstractTestNGCucumberTests" name="runScenario" time="0.008">
    <failure type="java.lang.NullPointerException" message="Cannot invoke &amp;quot;pages.RegisterPage.clickOnReset()&amp;quot; because &amp;quot;this.regPage&amp;quot; is null">
      <![CDATA[java.lang.NullPointerException: Cannot invoke "pages.RegisterPage.clickOnReset()" because "this.regPage" is null
at step_defination.RegisterStepDef.userWillClickOnResetButton(RegisterStepDef.java:57)
at ✽.User will click on Reset button(file:///D:/JAVA/Selenium_Study/src/test/resources/Features/register.feature:18)
]]>
    </failure>
  </testcase> <!-- runScenario -->
</testsuite> <!-- Cucumber Test Run -->
