<?xml version="1.0" encoding="UTF-8"?>
<!-- Generated by org.testng.reporters.JUnitXMLReporter -->
<testsuite ignored="0" hostname="ABG-IT-PC09" failures="1" tests="2" name="XYX Bank" time="6.423" errors="0" timestamp="2023-05-18T15:37:31 BDT">
  <testcase classname="io.cucumber.testng.AbstractTestNGCucumberTests" name="runScenario" time="5.68"/>
  <testcase classname="io.cucumber.testng.AbstractTestNGCucumberTests" name="runScenario" time="0.032">
    <failure type="java.lang.NullPointerException" message="Cannot invoke &amp;quot;pages.CreateBankAccount.clickOpenAccount()&amp;quot; because &amp;quot;this.bac&amp;quot; is null">
      <![CDATA[java.lang.NullPointerException: Cannot invoke "pages.CreateBankAccount.clickOpenAccount()" because "this.bac" is null
at step_defination.BankManagerLoginSD.userWillClickOnOpenAccount(BankManagerLoginSD.java:52)
at âœ½.User will click on Open Account(file:///D:/JAVA/Selenium_Study/src/test/resources/Features/02_open_account.feature:5)
]]>
    </failure>
  </testcase> <!-- runScenario -->
</testsuite> <!-- XYX Bank -->
